<?xml version="1.0" encoding="UTF-8"?>
<!-- Generated by org.testng.reporters.JUnitXMLReporter -->
<testsuite ignored="0" hostname="DESKTOP-6R22ME0" failures="0" tests="31" name="Command line test" time="3.321" errors="0" timestamp="2021-09-16T22:00:00 COT">
  <testcase classname="cs.ing.CSTranslatorTest" name="MainTest" time="1.855"/>
  <testcase classname="cs.ing.CSTranslatorTest" name="Test01" time="0.947"/>
  <testcase classname="cs.ing.CSTranslatorTest" name="Test01" time="1.192"/>
  <testcase classname="cs.ing.CSTranslatorTest" name="Test01" time="1.191"/>
  <testcase classname="cs.ing.CSTranslatorTest" name="Test01" time="1.205"/>
  <testcase classname="cs.ing.CSTranslatorTest" name="Test01" time="1.201"/>
  <testcase classname="cs.ing.CSTranslatorTest" name="Test01" time="1.241"/>
  <testcase classname="cs.ing.CSTranslatorTest" name="Test01" time="1.241"/>
  <testcase classname="cs.ing.CSTranslatorTest" name="Test01" time="1.257"/>
  <testcase classname="cs.ing.CSTranslatorTest" name="Test01" time="1.325"/>
  <testcase classname="cs.ing.CSTranslatorTest" name="Test01" time="1.341"/>
  <testcase classname="cs.ing.CSTranslatorTest" name="Test02" time="0.003"/>
  <testcase classname="cs.ing.CSTranslatorTest" name="Test02" time="0.005"/>
  <testcase classname="cs.ing.CSTranslatorTest" name="Test02" time="0.0"/>
  <testcase classname="cs.ing.CSTranslatorTest" name="Test02" time="0.001"/>
  <testcase classname="cs.ing.CSTranslatorTest" name="Test02" time="0.0"/>
  <testcase classname="cs.ing.CSTranslatorTest" name="Test02" time="0.0"/>
  <testcase classname="cs.ing.CSTranslatorTest" name="Test02" time="0.0"/>
  <testcase classname="cs.ing.CSTranslatorTest" name="Test02" time="0.0"/>
  <testcase classname="cs.ing.CSTranslatorTest" name="Test02" time="0.001"/>
  <testcase classname="cs.ing.CSTranslatorTest" name="Test02" time="0.0"/>
  <testcase classname="cs.ing.CSTranslatorTest" name="Test03" time="0.0"/>
  <testcase classname="cs.ing.CSTranslatorTest" name="Test03" time="0.0"/>
  <testcase classname="cs.ing.CSTranslatorTest" name="Test03" time="0.001"/>
  <testcase classname="cs.ing.CSTranslatorTest" name="Test03" time="0.001"/>
  <testcase classname="cs.ing.CSTranslatorTest" name="Test03" time="0.0"/>
  <testcase classname="cs.ing.CSTranslatorTest" name="Test03" time="0.0"/>
  <testcase classname="cs.ing.CSTranslatorTest" name="Test03" time="0.0"/>
  <testcase classname="cs.ing.CSTranslatorTest" name="Test03" time="0.001"/>
  <testcase classname="cs.ing.CSTranslatorTest" name="Test03" time="0.0"/>
  <testcase classname="cs.ing.CSTranslatorTest" name="Test03" time="0.0"/>
</testsuite> <!-- Command line test -->
